::1 - - [01/Aug/2023:17:12:09 +0000] "GET / HTTP/1.1" 404 68
::1 - - [01/Aug/2023:17:12:44 +0000] "GET / HTTP/1.1" 404 1165
::1 - - [01/Aug/2023:17:12:58 +0000] "GET / HTTP/1.1" 404 68
::1 - - [01/Aug/2023:17:14:33 +0000] "GET / HTTP/1.1" 404 1238
::1 - - [01/Aug/2023:17:14:47 +0000] "GET / HTTP/1.1" 404 68
::1 - - [01/Aug/2023:17:17:13 +0000] "GET / HTTP/1.1" 404 68
::1 - - [02/Aug/2023:06:59:41 +0000] "GET / HTTP/1.1" 404 68
::1 - - [02/Aug/2023:07:15:57 +0000] "POST /api/auth/register HTTP/1.1" 404 68
::1 - - [02/Aug/2023:07:16:36 +0000] "POST /api/auth/register HTTP/1.1" 404 68
::1 - - [02/Aug/2023:07:16:37 +0000] "POST /api/auth/register HTTP/1.1" 404 68
::1 - - [02/Aug/2023:07:16:56 +0000] "POST /api/auth/register HTTP/1.1" 400 75
::1 - - [02/Aug/2023:07:18:28 +0000] "POST /api/auth/register HTTP/1.1" 400 69
::1 - - [02/Aug/2023:07:20:48 +0000] "POST /api/auth/registers HTTP/1.1" 500 1369
::1 - - [02/Aug/2023:07:22:13 +0000] "POST /api/auth/registers HTTP/1.1" 500 1369
::1 - - [02/Aug/2023:07:23:36 +0000] "POST /api/auth/registers HTTP/1.1" 404 68
::1 - - [02/Aug/2023:07:23:38 +0000] "POST /api/auth/register HTTP/1.1" 400 75
::1 - - [02/Aug/2023:07:25:45 +0000] "POST /api/auth/register HTTP/1.1" 400 85
::1 - - [02/Aug/2023:07:25:55 +0000] "POST /api/auth/register HTTP/1.1" 400 78
::1 - - [02/Aug/2023:07:26:03 +0000] "POST /api/auth/register HTTP/1.1" 400 108
::1 - - [02/Aug/2023:07:26:07 +0000] "POST /api/auth/register HTTP/1.1" 400 85
::1 - - [02/Aug/2023:07:26:17 +0000] "POST /api/auth/register HTTP/1.1" 400 88
::1 - - [02/Aug/2023:07:26:20 +0000] "POST /api/auth/register HTTP/1.1" 400 76
::1 - - [02/Aug/2023:07:26:25 +0000] "POST /api/auth/register HTTP/1.1" 400 94
::1 - - [02/Aug/2023:07:26:29 +0000] "POST /api/auth/register HTTP/1.1" 400 74
::1 - - [02/Aug/2023:07:26:41 +0000] "POST /api/auth/register HTTP/1.1" 400 79
::1 - - [02/Aug/2023:07:27:03 +0000] "POST /api/auth/register HTTP/1.1" 500 1569
::1 - - [02/Aug/2023:07:27:36 +0000] "POST /api/auth/register HTTP/1.1" 500 469
::1 - - [02/Aug/2023:07:28:44 +0000] "POST /api/auth/register HTTP/1.1" 500 469
::1 - - [02/Aug/2023:07:29:59 +0000] "POST /api/auth/register HTTP/1.1" 500 1791
::1 - - [02/Aug/2023:07:32:41 +0000] "POST /api/auth/register HTTP/1.1" 201 216
::1 - - [02/Aug/2023:07:34:57 +0000] "POST /api/auth/register HTTP/1.1" 500 1791
::1 - - [02/Aug/2023:07:35:47 +0000] "POST /api/auth/register HTTP/1.1" 500 1791
::1 - - [02/Aug/2023:07:38:38 +0000] "POST /api/auth/register HTTP/1.1" 500 1791
::1 - - [02/Aug/2023:08:50:14 +0000] "POST /api/auth/register HTTP/1.1" 500 1791
::1 - - [02/Aug/2023:08:57:11 +0000] "POST /api/auth/register HTTP/1.1" 500 1791
::1 - - [02/Aug/2023:11:01:43 +0000] "POST /api/auth/register HTTP/1.1" 400 74
::1 - - [02/Aug/2023:11:01:49 +0000] "POST /api/auth/register HTTP/1.1" 500 2389
::1 - - [02/Aug/2023:11:02:31 +0000] "POST /api/auth/register HTTP/1.1" 500 2381
::1 - - [02/Aug/2023:11:03:41 +0000] "POST /api/auth/register HTTP/1.1" 500 2377
::1 - - [02/Aug/2023:11:04:37 +0000] "POST /api/auth/register HTTP/1.1" 201 216
::1 - - [02/Aug/2023:11:14:29 +0000] "GET /api/auth/login HTTP/1.1" 404 68
::1 - - [02/Aug/2023:11:14:56 +0000] "POST /api/auth/login HTTP/1.1" - -
::1 - - [02/Aug/2023:11:15:18 +0000] "POST /api/auth/login HTTP/1.1" - -
::1 - - [02/Aug/2023:11:24:10 +0000] "POST /api/auth/login HTTP/1.1" 400 75
::1 - - [02/Aug/2023:11:25:57 +0000] "POST /api/auth/register HTTP/1.1" 500 1797
::1 - - [02/Aug/2023:11:27:37 +0000] "POST /api/auth/register HTTP/1.1" 500 1797
::1 - - [02/Aug/2023:11:28:46 +0000] "POST /api/auth/login HTTP/1.1" 500 2243
::1 - - [02/Aug/2023:11:29:27 +0000] "POST /api/auth/login HTTP/1.1" 401 84
::1 - - [02/Aug/2023:11:29:40 +0000] "POST /api/auth/login HTTP/1.1" 401 84
::1 - - [02/Aug/2023:11:29:44 +0000] "POST /api/auth/login HTTP/1.1" 200 244
::1 - - [02/Aug/2023:11:30:09 +0000] "POST /api/auth/login HTTP/1.1" 200 251
::1 - - [02/Aug/2023:11:36:46 +0000] "GET /api/movies HTTP/1.1" 500 1618
::1 - - [02/Aug/2023:11:37:39 +0000] "GET /api/movies HTTP/1.1" 200 68
::1 - - [02/Aug/2023:11:43:04 +0000] "POST /api/auth/register HTTP/1.1" 201 216
::1 - - [02/Aug/2023:11:43:07 +0000] "POST /api/auth/login HTTP/1.1" 200 251
::1 - - [02/Aug/2023:11:43:18 +0000] "GET /api/movies HTTP/1.1" 200 8220
::1 - - [02/Aug/2023:11:47:17 +0000] "GET /api/movies HTTP/1.1" 200 950
::1 - - [02/Aug/2023:11:52:05 +0000] "GET /api/movies HTTP/1.1" 500 2000
::1 - - [02/Aug/2023:11:52:25 +0000] "GET /api/movies HTTP/1.1" 200 950
::1 - - [02/Aug/2023:11:54:16 +0000] "GET /api/movies HTTP/1.1" 200 1009
::1 - - [02/Aug/2023:11:54:31 +0000] "GET /api/movies?page=2 HTTP/1.1" 200 948
::1 - - [02/Aug/2023:11:55:30 +0000] "GET /api/movies?page=2 HTTP/1.1" 200 945
::1 - - [02/Aug/2023:11:55:36 +0000] "GET /api/movies?page=3 HTTP/1.1" 200 891
::1 - - [02/Aug/2023:11:55:57 +0000] "GET /api/movies?page=3 HTTP/1.1" 200 918
::1 - - [02/Aug/2023:11:56:07 +0000] "GET /api/movies?page=3&limit=2 HTTP/1.1" 200 342
::1 - - [02/Aug/2023:11:56:16 +0000] "GET /api/movies?page=3 HTTP/1.1" 200 918
::1 - - [02/Aug/2023:11:59:22 +0000] "GET /api/users HTTP/1.1" 200 1193
::1 - - [02/Aug/2023:12:00:01 +0000] "GET /api/users HTTP/1.1" 500 2374
::1 - - [02/Aug/2023:12:01:48 +0000] "GET /api/users HTTP/1.1" 200 957
::1 - - [02/Aug/2023:12:06:56 +0000] "GET /api/movies?page=3 HTTP/1.1" 401 83
::1 - - [02/Aug/2023:12:07:13 +0000] "GET /api/movies?page=3 HTTP/1.1" 200 918
::1 - - [02/Aug/2023:12:07:38 +0000] "GET /api/users HTTP/1.1" 401 83
::1 - - [02/Aug/2023:12:07:44 +0000] "GET /api/users HTTP/1.1" 200 957
::1 - - [02/Aug/2023:13:22:50 +0000] "GET /documentations HTTP/1.1" 301 195
::1 - - [02/Aug/2023:13:22:50 +0000] "GET /documentations/ HTTP/1.1" 200 3047
::1 - - [02/Aug/2023:13:22:50 +0000] "GET /documentations/swagger-ui.css HTTP/1.1" 200 151076
::1 - - [02/Aug/2023:13:22:50 +0000] "GET /documentations/swagger-ui-init.js HTTP/1.1" 200 1445
::1 - - [02/Aug/2023:13:22:51 +0000] "GET /documentations/swagger-ui-bundle.js HTTP/1.1" 200 1444773
::1 - - [02/Aug/2023:13:22:51 +0000] "GET /documentations/swagger-ui-standalone-preset.js HTTP/1.1" 200 246462
::1 - - [02/Aug/2023:13:22:51 +0000] "GET /documentations/swagger-ui-init.js HTTP/1.1" 200 1445
::1 - - [02/Aug/2023:13:22:51 +0000] "GET /documentations/swagger-ui-bundle.js HTTP/1.1" 200 1444773
::1 - - [02/Aug/2023:13:22:51 +0000] "GET /documentations/swagger-ui-standalone-preset.js HTTP/1.1" 200 246462
::1 - - [02/Aug/2023:13:22:52 +0000] "GET / HTTP/1.1" 404 68
::1 - - [02/Aug/2023:13:22:52 +0000] "GET /documentations/favicon-32x32.png HTTP/1.1" 200 628
::1 - - [02/Aug/2023:13:26:25 +0000] "GET /documentations/ HTTP/1.1" 304 -
::1 - - [02/Aug/2023:13:26:25 +0000] "GET /documentations/swagger-ui.css HTTP/1.1" 304 -
::1 - - [02/Aug/2023:13:26:25 +0000] "GET /documentations/swagger-ui-bundle.js HTTP/1.1" 304 -
::1 - - [02/Aug/2023:13:26:25 +0000] "GET /documentations/swagger-ui-standalone-preset.js HTTP/1.1" 304 -
::1 - - [02/Aug/2023:13:26:25 +0000] "GET /documentations/swagger-ui-init.js HTTP/1.1" 200 3361
::1 - - [02/Aug/2023:13:26:25 +0000] "GET /documentations/swagger-ui-init.js HTTP/1.1" 200 3361
::1 - - [02/Aug/2023:13:26:25 +0000] "GET /documentations/swagger-ui-standalone-preset.js HTTP/1.1" 304 -
::1 - - [02/Aug/2023:13:26:25 +0000] "GET /documentations/swagger-ui-bundle.js HTTP/1.1" 304 -
::1 - - [02/Aug/2023:13:26:25 +0000] "GET /documentations/favicon-32x32.png HTTP/1.1" 304 -
::1 - - [02/Aug/2023:13:28:13 +0000] "GET /documentations/ HTTP/1.1" 304 -
::1 - - [02/Aug/2023:13:28:13 +0000] "GET /documentations/swagger-ui.css HTTP/1.1" 304 -
::1 - - [02/Aug/2023:13:28:13 +0000] "GET /documentations/swagger-ui-bundle.js HTTP/1.1" 304 -
::1 - - [02/Aug/2023:13:28:13 +0000] "GET /documentations/swagger-ui-init.js HTTP/1.1" 200 3415
::1 - - [02/Aug/2023:13:28:13 +0000] "GET /documentations/swagger-ui-standalone-preset.js HTTP/1.1" 304 -
::1 - - [02/Aug/2023:13:28:14 +0000] "GET /documentations/swagger-ui-init.js HTTP/1.1" 200 3415
::1 - - [02/Aug/2023:13:28:14 +0000] "GET /documentations/swagger-ui-standalone-preset.js HTTP/1.1" 304 -
::1 - - [02/Aug/2023:13:28:14 +0000] "GET /documentations/swagger-ui-bundle.js HTTP/1.1" 304 -
::1 - - [02/Aug/2023:13:28:15 +0000] "GET /documentations/favicon-32x32.png HTTP/1.1" 304 -
::1 - - [02/Aug/2023:13:28:44 +0000] "GET /documentations/ HTTP/1.1" 304 -
::1 - - [02/Aug/2023:13:28:44 +0000] "GET /documentations/swagger-ui.css HTTP/1.1" 304 -
::1 - - [02/Aug/2023:13:28:44 +0000] "GET /documentations/swagger-ui-bundle.js HTTP/1.1" 304 -
::1 - - [02/Aug/2023:13:28:44 +0000] "GET /documentations/swagger-ui-standalone-preset.js HTTP/1.1" 304 -
::1 - - [02/Aug/2023:13:28:44 +0000] "GET /documentations/swagger-ui-init.js HTTP/1.1" 200 3600
::1 - - [02/Aug/2023:13:28:44 +0000] "GET /documentations/swagger-ui-init.js HTTP/1.1" 200 3600
::1 - - [02/Aug/2023:13:28:44 +0000] "GET /documentations/swagger-ui-standalone-preset.js HTTP/1.1" 304 -
::1 - - [02/Aug/2023:13:28:44 +0000] "GET /documentations/swagger-ui-bundle.js HTTP/1.1" 304 -
::1 - - [02/Aug/2023:13:28:45 +0000] "GET /documentations/favicon-32x32.png HTTP/1.1" 304 -
::1 - - [02/Aug/2023:13:30:06 +0000] "GET /documentations/ HTTP/1.1" 304 -
::1 - - [02/Aug/2023:13:30:06 +0000] "GET /documentations/swagger-ui.css HTTP/1.1" 304 -
::1 - - [02/Aug/2023:13:30:06 +0000] "GET /documentations/swagger-ui-bundle.js HTTP/1.1" 304 -
::1 - - [02/Aug/2023:13:30:06 +0000] "GET /documentations/swagger-ui-init.js HTTP/1.1" 304 -
::1 - - [02/Aug/2023:13:30:06 +0000] "GET /documentations/swagger-ui-standalone-preset.js HTTP/1.1" 304 -
::1 - - [02/Aug/2023:13:30:10 +0000] "GET /documentations/swagger-ui-init.js HTTP/1.1" 200 4204
::1 - - [02/Aug/2023:13:30:10 +0000] "GET /documentations/swagger-ui-standalone-preset.js HTTP/1.1" 304 -
::1 - - [02/Aug/2023:13:30:10 +0000] "GET /documentations/swagger-ui-bundle.js HTTP/1.1" 304 -
::ffff:127.0.0.1 - - [02/Aug/2023:13:30:15 +0000] "GET /documentations/ HTTP/1.1" 304 -
::ffff:127.0.0.1 - - [02/Aug/2023:13:30:15 +0000] "GET /documentations/swagger-ui.css HTTP/1.1" 304 -
::ffff:127.0.0.1 - - [02/Aug/2023:13:30:15 +0000] "GET /documentations/swagger-ui-bundle.js HTTP/1.1" 304 -
::1 - - [02/Aug/2023:13:30:15 +0000] "GET /documentations/swagger-ui-standalone-preset.js HTTP/1.1" 304 -
::ffff:127.0.0.1 - - [02/Aug/2023:13:30:15 +0000] "GET /documentations/swagger-ui-init.js HTTP/1.1" 200 4204
::ffff:127.0.0.1 - - [02/Aug/2023:13:30:16 +0000] "GET /documentations/favicon-32x32.png HTTP/1.1" 304 -
::ffff:127.0.0.1 - - [02/Aug/2023:13:30:18 +0000] "GET /documentations/swagger-ui-init.js HTTP/1.1" 304 -
::ffff:127.0.0.1 - - [02/Aug/2023:13:30:18 +0000] "GET /documentations/swagger-ui-standalone-preset.js HTTP/1.1" 304 -
::ffff:127.0.0.1 - - [02/Aug/2023:13:30:18 +0000] "GET /documentations/swagger-ui-bundle.js HTTP/1.1" 304 -
::1 - - [02/Aug/2023:13:30:40 +0000] "POST /api/auth/registers HTTP/1.1" 404 68
::1 - - [02/Aug/2023:13:31:44 +0000] "GET /documentations/ HTTP/1.1" 304 -
::1 - - [02/Aug/2023:13:31:45 +0000] "GET /documentations/swagger-ui.css HTTP/1.1" 304 -
::1 - - [02/Aug/2023:13:31:45 +0000] "GET /documentations/swagger-ui-init.js HTTP/1.1" 200 4203
::1 - - [02/Aug/2023:13:31:45 +0000] "GET /documentations/swagger-ui-bundle.js HTTP/1.1" 304 -
::1 - - [02/Aug/2023:13:31:45 +0000] "GET /documentations/swagger-ui-standalone-preset.js HTTP/1.1" 304 -
::1 - - [02/Aug/2023:13:31:46 +0000] "GET /documentations/swagger-ui-init.js HTTP/1.1" 200 4203
::1 - - [02/Aug/2023:13:31:46 +0000] "GET /documentations/swagger-ui-standalone-preset.js HTTP/1.1" 304 -
::1 - - [02/Aug/2023:13:31:46 +0000] "GET /documentations/swagger-ui-bundle.js HTTP/1.1" 304 -
::1 - - [02/Aug/2023:13:31:48 +0000] "GET /documentations/favicon-32x32.png HTTP/1.1" 304 -
::1 - - [02/Aug/2023:13:31:54 +0000] "POST /api/auth/register HTTP/1.1" 201 217
::1 - - [02/Aug/2023:13:32:11 +0000] "GET /documentations/ HTTP/1.1" 304 -
::1 - - [02/Aug/2023:13:32:12 +0000] "GET /documentations/swagger-ui.css HTTP/1.1" 304 -
::1 - - [02/Aug/2023:13:32:12 +0000] "GET /documentations/swagger-ui-bundle.js HTTP/1.1" 304 -
::1 - - [02/Aug/2023:13:32:12 +0000] "GET /documentations/swagger-ui-standalone-preset.js HTTP/1.1" 304 -
::1 - - [02/Aug/2023:13:32:12 +0000] "GET /documentations/swagger-ui-init.js HTTP/1.1" 200 4203
::1 - - [02/Aug/2023:13:32:13 +0000] "GET /documentations/favicon-32x32.png HTTP/1.1" 304 -
::1 - - [02/Aug/2023:13:32:13 +0000] "GET /documentations/swagger-ui-init.js HTTP/1.1" 200 4203
::1 - - [02/Aug/2023:13:32:13 +0000] "GET /documentations/swagger-ui-standalone-preset.js HTTP/1.1" 304 -
::1 - - [02/Aug/2023:13:32:13 +0000] "GET /documentations/swagger-ui-bundle.js HTTP/1.1" 304 -
::1 - - [02/Aug/2023:13:36:58 +0000] "GET /documentations/ HTTP/1.1" 304 -
::1 - - [02/Aug/2023:13:36:58 +0000] "GET /documentations/swagger-ui.css HTTP/1.1" 304 -
::1 - - [02/Aug/2023:13:36:58 +0000] "GET /documentations/swagger-ui-bundle.js HTTP/1.1" 304 -
::1 - - [02/Aug/2023:13:36:58 +0000] "GET /documentations/swagger-ui-init.js HTTP/1.1" 200 3361
::1 - - [02/Aug/2023:13:36:58 +0000] "GET /documentations/swagger-ui-standalone-preset.js HTTP/1.1" 304 -
::1 - - [02/Aug/2023:13:36:58 +0000] "GET /documentations/swagger-ui-init.js HTTP/1.1" 200 3361
::1 - - [02/Aug/2023:13:36:59 +0000] "GET /documentations/favicon-32x32.png HTTP/1.1" 304 -
::1 - - [02/Aug/2023:13:38:16 +0000] "GET /documentations/ HTTP/1.1" 304 -
::1 - - [02/Aug/2023:13:38:16 +0000] "GET /documentations/swagger-ui.css HTTP/1.1" 304 -
::1 - - [02/Aug/2023:13:38:16 +0000] "GET /documentations/swagger-ui-bundle.js HTTP/1.1" 304 -
::1 - - [02/Aug/2023:13:38:16 +0000] "GET /documentations/swagger-ui-standalone-preset.js HTTP/1.1" 304 -
::1 - - [02/Aug/2023:13:38:16 +0000] "GET /documentations/swagger-ui-init.js HTTP/1.1" 304 -
::1 - - [02/Aug/2023:13:38:17 +0000] "GET /documentations/favicon-32x32.png HTTP/1.1" 304 -
::1 - - [02/Aug/2023:13:38:25 +0000] "GET /documentations/ HTTP/1.1" 304 -
::1 - - [02/Aug/2023:13:38:25 +0000] "GET /documentations/swagger-ui.css HTTP/1.1" 304 -
::1 - - [02/Aug/2023:13:38:25 +0000] "GET /documentations/swagger-ui-init.js HTTP/1.1" 304 -
::1 - - [02/Aug/2023:13:38:25 +0000] "GET /documentations/swagger-ui-bundle.js HTTP/1.1" 304 -
::1 - - [02/Aug/2023:13:38:25 +0000] "GET /documentations/swagger-ui-standalone-preset.js HTTP/1.1" 304 -
::1 - - [02/Aug/2023:13:38:26 +0000] "GET /documentations/favicon-32x32.png HTTP/1.1" 304 -
::1 - - [02/Aug/2023:13:38:35 +0000] "GET /documentations/ HTTP/1.1" 304 -
::1 - - [02/Aug/2023:13:38:35 +0000] "GET /documentations/swagger-ui.css HTTP/1.1" 304 -
::1 - - [02/Aug/2023:13:38:35 +0000] "GET /documentations/swagger-ui-bundle.js HTTP/1.1" 304 -
::1 - - [02/Aug/2023:13:38:35 +0000] "GET /documentations/swagger-ui-standalone-preset.js HTTP/1.1" 304 -
::1 - - [02/Aug/2023:13:38:35 +0000] "GET /documentations/swagger-ui-init.js HTTP/1.1" 304 -
::1 - - [02/Aug/2023:13:38:36 +0000] "GET /documentations/favicon-32x32.png HTTP/1.1" 304 -
::1 - - [02/Aug/2023:13:38:49 +0000] "GET /documentations/ HTTP/1.1" 304 -
::1 - - [02/Aug/2023:13:38:49 +0000] "GET /documentations/swagger-ui.css HTTP/1.1" 304 -
::1 - - [02/Aug/2023:13:38:49 +0000] "GET /documentations/swagger-ui-bundle.js HTTP/1.1" 304 -
::1 - - [02/Aug/2023:13:38:49 +0000] "GET /documentations/swagger-ui-standalone-preset.js HTTP/1.1" 304 -
::1 - - [02/Aug/2023:13:38:49 +0000] "GET /documentations/swagger-ui-init.js HTTP/1.1" 304 -
::1 - - [02/Aug/2023:13:39:17 +0000] "GET /documentations/ HTTP/1.1" 304 -
::1 - - [02/Aug/2023:13:39:18 +0000] "GET /documentations/swagger-ui.css HTTP/1.1" 304 -
::1 - - [02/Aug/2023:13:39:18 +0000] "GET /documentations/swagger-ui-init.js HTTP/1.1" 304 -
::1 - - [02/Aug/2023:13:39:18 +0000] "GET /documentations/swagger-ui-bundle.js HTTP/1.1" 304 -
::1 - - [02/Aug/2023:13:39:18 +0000] "GET /documentations/swagger-ui-standalone-preset.js HTTP/1.1" 304 -
::1 - - [02/Aug/2023:13:39:18 +0000] "GET /documentations/favicon-32x32.png HTTP/1.1" 304 -
::1 - - [02/Aug/2023:13:39:33 +0000] "GET /documentations/ HTTP/1.1" 304 -
::1 - - [02/Aug/2023:13:39:33 +0000] "GET /documentations/swagger-ui.css HTTP/1.1" 304 -
::1 - - [02/Aug/2023:13:39:33 +0000] "GET /documentations/swagger-ui-bundle.js HTTP/1.1" 304 -
::1 - - [02/Aug/2023:13:39:33 +0000] "GET /documentations/swagger-ui-standalone-preset.js HTTP/1.1" 304 -
::1 - - [02/Aug/2023:13:39:33 +0000] "GET /documentations/swagger-ui-init.js HTTP/1.1" 200 3596
::1 - - [02/Aug/2023:13:39:34 +0000] "GET /documentations/favicon-32x32.png HTTP/1.1" 304 -
::1 - - [02/Aug/2023:13:52:38 +0000] "GET /documentations/ HTTP/1.1" 304 -
::1 - - [02/Aug/2023:13:52:38 +0000] "GET /documentations/swagger-ui.css HTTP/1.1" 304 -
::1 - - [02/Aug/2023:13:52:39 +0000] "GET /documentations/swagger-ui-bundle.js HTTP/1.1" 304 -
::1 - - [02/Aug/2023:13:52:39 +0000] "GET /documentations/swagger-ui-standalone-preset.js HTTP/1.1" 304 -
::1 - - [02/Aug/2023:13:52:39 +0000] "GET /documentations/swagger-ui-init.js HTTP/1.1" 200 2845
::1 - - [02/Aug/2023:13:52:40 +0000] "GET /documentations/favicon-32x32.png HTTP/1.1" 304 -
::1 - - [02/Aug/2023:13:53:35 +0000] "GET /documentations/ HTTP/1.1" 304 -
::1 - - [02/Aug/2023:13:53:35 +0000] "GET /documentations/swagger-ui.css HTTP/1.1" 304 -
::1 - - [02/Aug/2023:13:53:35 +0000] "GET /documentations/swagger-ui-bundle.js HTTP/1.1" 304 -
::1 - - [02/Aug/2023:13:53:35 +0000] "GET /documentations/swagger-ui-init.js HTTP/1.1" 200 2840
::1 - - [02/Aug/2023:13:53:35 +0000] "GET /documentations/swagger-ui-standalone-preset.js HTTP/1.1" 304 -
::1 - - [02/Aug/2023:13:53:36 +0000] "GET /documentations/favicon-32x32.png HTTP/1.1" 304 -
::1 - - [02/Aug/2023:13:54:11 +0000] "GET /documentations/ HTTP/1.1" 304 -
::1 - - [02/Aug/2023:13:54:11 +0000] "GET /documentations/swagger-ui.css HTTP/1.1" 304 -
::1 - - [02/Aug/2023:13:54:11 +0000] "GET /documentations/swagger-ui-bundle.js HTTP/1.1" 304 -
::1 - - [02/Aug/2023:13:54:11 +0000] "GET /documentations/swagger-ui-standalone-preset.js HTTP/1.1" 304 -
::1 - - [02/Aug/2023:13:54:11 +0000] "GET /documentations/swagger-ui-init.js HTTP/1.1" 200 2845
::1 - - [02/Aug/2023:13:54:12 +0000] "GET /documentations/favicon-32x32.png HTTP/1.1" 304 -
::1 - - [02/Aug/2023:13:56:17 +0000] "GET /documentations/ HTTP/1.1" 304 -
::1 - - [02/Aug/2023:13:56:17 +0000] "GET /documentations/swagger-ui.css HTTP/1.1" 304 -
::1 - - [02/Aug/2023:13:56:17 +0000] "GET /documentations/swagger-ui-bundle.js HTTP/1.1" 304 -
::1 - - [02/Aug/2023:13:56:17 +0000] "GET /documentations/swagger-ui-standalone-preset.js HTTP/1.1" 304 -
::1 - - [02/Aug/2023:13:56:17 +0000] "GET /documentations/swagger-ui-init.js HTTP/1.1" 200 2842
::1 - - [02/Aug/2023:13:56:18 +0000] "GET /documentations/favicon-32x32.png HTTP/1.1" 304 -
::1 - - [02/Aug/2023:13:56:57 +0000] "GET /documentations/ HTTP/1.1" 304 -
::1 - - [02/Aug/2023:13:56:57 +0000] "GET /documentations/swagger-ui.css HTTP/1.1" 304 -
::1 - - [02/Aug/2023:13:56:57 +0000] "GET /documentations/swagger-ui-bundle.js HTTP/1.1" 304 -
::1 - - [02/Aug/2023:13:56:57 +0000] "GET /documentations/swagger-ui-standalone-preset.js HTTP/1.1" 304 -
::1 - - [02/Aug/2023:13:56:57 +0000] "GET /documentations/swagger-ui-init.js HTTP/1.1" 200 2847
::1 - - [02/Aug/2023:13:56:57 +0000] "GET /documentations/favicon-32x32.png HTTP/1.1" 304 -
::1 - - [02/Aug/2023:13:59:24 +0000] "GET /documentations/ HTTP/1.1" 304 -
::1 - - [02/Aug/2023:13:59:25 +0000] "GET /documentations/swagger-ui.css HTTP/1.1" 304 -
::1 - - [02/Aug/2023:13:59:25 +0000] "GET /documentations/swagger-ui-init.js HTTP/1.1" 200 2842
::1 - - [02/Aug/2023:13:59:25 +0000] "GET /documentations/swagger-ui-bundle.js HTTP/1.1" 304 -
::1 - - [02/Aug/2023:13:59:25 +0000] "GET /documentations/swagger-ui-standalone-preset.js HTTP/1.1" 304 -
::1 - - [02/Aug/2023:13:59:27 +0000] "GET /documentations/favicon-32x32.png HTTP/1.1" 304 -
::1 - - [02/Aug/2023:13:59:27 +0000] "GET /documentations/swagger-ui-init.js HTTP/1.1" 200 2842
::1 - - [02/Aug/2023:13:59:27 +0000] "GET /documentations/swagger-ui-standalone-preset.js HTTP/1.1" 304 -
::1 - - [02/Aug/2023:13:59:27 +0000] "GET /documentations/swagger-ui-bundle.js HTTP/1.1" 304 -
::1 - - [02/Aug/2023:13:59:42 +0000] "GET /documentations/ HTTP/1.1" 304 -
::1 - - [02/Aug/2023:13:59:42 +0000] "GET /documentations/swagger-ui.css HTTP/1.1" 304 -
::1 - - [02/Aug/2023:13:59:42 +0000] "GET /documentations/swagger-ui-init.js HTTP/1.1" 200 2842
::1 - - [02/Aug/2023:13:59:42 +0000] "GET /documentations/swagger-ui-bundle.js HTTP/1.1" 304 -
::1 - - [02/Aug/2023:13:59:42 +0000] "GET /documentations/swagger-ui-standalone-preset.js HTTP/1.1" 304 -
::1 - - [02/Aug/2023:13:59:43 +0000] "GET /documentations/favicon-32x32.png HTTP/1.1" 304 -
::1 - - [02/Aug/2023:13:59:44 +0000] "GET /documentations/swagger-ui-init.js HTTP/1.1" 200 2842
::1 - - [02/Aug/2023:13:59:44 +0000] "GET /documentations/swagger-ui-standalone-preset.js HTTP/1.1" 304 -
::1 - - [02/Aug/2023:13:59:44 +0000] "GET /documentations/swagger-ui-bundle.js HTTP/1.1" 304 -
::1 - - [02/Aug/2023:14:00:41 +0000] "GET /documentations/ HTTP/1.1" 304 -
::1 - - [02/Aug/2023:14:00:42 +0000] "GET /documentations/swagger-ui.css HTTP/1.1" 304 -
::1 - - [02/Aug/2023:14:00:42 +0000] "GET /documentations/swagger-ui-bundle.js HTTP/1.1" 304 -
::1 - - [02/Aug/2023:14:00:42 +0000] "GET /documentations/swagger-ui-init.js HTTP/1.1" 200 2833
::1 - - [02/Aug/2023:14:00:42 +0000] "GET /documentations/swagger-ui-standalone-preset.js HTTP/1.1" 304 -
::1 - - [02/Aug/2023:14:00:42 +0000] "GET /documentations/swagger-ui-bundle.js HTTP/1.1" 304 -
::1 - - [02/Aug/2023:14:00:42 +0000] "GET /documentations/swagger-ui-standalone-preset.js HTTP/1.1" 304 -
::1 - - [02/Aug/2023:14:00:42 +0000] "GET /documentations/swagger-ui-init.js HTTP/1.1" 200 2833
::1 - - [02/Aug/2023:14:00:42 +0000] "GET /documentations/favicon-32x32.png HTTP/1.1" 304 -
::1 - - [02/Aug/2023:14:01:02 +0000] "GET /documentations/ HTTP/1.1" 304 -
::1 - - [02/Aug/2023:14:01:02 +0000] "GET /documentations/swagger-ui-init.js HTTP/1.1" 200 2831
::1 - - [02/Aug/2023:14:01:02 +0000] "GET /documentations/swagger-ui.css HTTP/1.1" 304 -
::1 - - [02/Aug/2023:14:01:02 +0000] "GET /documentations/swagger-ui-bundle.js HTTP/1.1" 304 -
::1 - - [02/Aug/2023:14:01:02 +0000] "GET /documentations/swagger-ui-standalone-preset.js HTTP/1.1" 304 -
::1 - - [02/Aug/2023:14:01:03 +0000] "GET /documentations/swagger-ui-init.js HTTP/1.1" 200 2831
::1 - - [02/Aug/2023:14:01:03 +0000] "GET /documentations/swagger-ui-standalone-preset.js HTTP/1.1" 304 -
::1 - - [02/Aug/2023:14:01:03 +0000] "GET /documentations/swagger-ui-bundle.js HTTP/1.1" 304 -
::1 - - [02/Aug/2023:14:01:03 +0000] "GET /documentations/favicon-32x32.png HTTP/1.1" 304 -
::1 - - [02/Aug/2023:14:03:54 +0000] "GET /documentations/ HTTP/1.1" 304 -
::1 - - [02/Aug/2023:14:03:54 +0000] "GET /documentations/swagger-ui.css HTTP/1.1" 304 -
::1 - - [02/Aug/2023:14:03:54 +0000] "GET /documentations/swagger-ui-bundle.js HTTP/1.1" 304 -
::1 - - [02/Aug/2023:14:03:54 +0000] "GET /documentations/swagger-ui-standalone-preset.js HTTP/1.1" 304 -
::1 - - [02/Aug/2023:14:03:54 +0000] "GET /documentations/swagger-ui-init.js HTTP/1.1" 200 2832
::1 - - [02/Aug/2023:14:03:54 +0000] "GET /documentations/swagger-ui-init.js HTTP/1.1" 200 2832
::1 - - [02/Aug/2023:14:03:54 +0000] "GET /documentations/swagger-ui-standalone-preset.js HTTP/1.1" 304 -
::1 - - [02/Aug/2023:14:03:54 +0000] "GET /documentations/swagger-ui-bundle.js HTTP/1.1" 304 -
::1 - - [02/Aug/2023:14:03:55 +0000] "GET /documentations/favicon-32x32.png HTTP/1.1" 304 -
::1 - - [02/Aug/2023:14:04:16 +0000] "GET /documentations/ HTTP/1.1" 304 -
::1 - - [02/Aug/2023:14:04:16 +0000] "GET /documentations/swagger-ui.css HTTP/1.1" 304 -
::1 - - [02/Aug/2023:14:04:16 +0000] "GET /documentations/swagger-ui-bundle.js HTTP/1.1" 304 -
::1 - - [02/Aug/2023:14:04:16 +0000] "GET /documentations/swagger-ui-standalone-preset.js HTTP/1.1" 304 -
::1 - - [02/Aug/2023:14:04:16 +0000] "GET /documentations/swagger-ui-init.js HTTP/1.1" 200 2833
::1 - - [02/Aug/2023:14:04:16 +0000] "GET /documentations/swagger-ui-init.js HTTP/1.1" 200 2833
::1 - - [02/Aug/2023:14:04:16 +0000] "GET /documentations/swagger-ui-standalone-preset.js HTTP/1.1" 304 -
::1 - - [02/Aug/2023:14:04:16 +0000] "GET /documentations/swagger-ui-bundle.js HTTP/1.1" 304 -
::1 - - [02/Aug/2023:14:04:17 +0000] "GET /documentations/favicon-32x32.png HTTP/1.1" 304 -
::1 - - [02/Aug/2023:14:17:51 +0000] "POST /api/auth/register HTTP/1.1" 400 74
::1 - - [02/Aug/2023:14:23:34 +0000] "GET /documentations/ HTTP/1.1" 304 -
::1 - - [02/Aug/2023:14:23:34 +0000] "GET /documentations/swagger-ui.css HTTP/1.1" 304 -
::1 - - [02/Aug/2023:14:23:34 +0000] "GET /documentations/swagger-ui-bundle.js HTTP/1.1" 304 -
::ffff:127.0.0.1 - - [02/Aug/2023:14:23:34 +0000] "GET /documentations/swagger-ui-init.js HTTP/1.1" 200 5656
::1 - - [02/Aug/2023:14:23:34 +0000] "GET /documentations/swagger-ui-standalone-preset.js HTTP/1.1" 304 -
::1 - - [02/Aug/2023:14:23:34 +0000] "GET /documentations/swagger-ui-bundle.js HTTP/1.1" 304 -
::1 - - [02/Aug/2023:14:23:34 +0000] "GET /documentations/swagger-ui-init.js HTTP/1.1" 200 5656
::1 - - [02/Aug/2023:14:23:34 +0000] "GET /documentations/swagger-ui-standalone-preset.js HTTP/1.1" 304 -
::ffff:127.0.0.1 - - [02/Aug/2023:14:23:36 +0000] "GET /documentations/favicon-32x32.png HTTP/1.1" 304 -
::1 - - [02/Aug/2023:14:25:42 +0000] "GET /documentations/ HTTP/1.1" 304 -
::1 - - [02/Aug/2023:14:25:42 +0000] "GET /documentations/swagger-ui.css HTTP/1.1" 304 -
::1 - - [02/Aug/2023:14:25:42 +0000] "GET /documentations/swagger-ui-bundle.js HTTP/1.1" 304 -
::1 - - [02/Aug/2023:14:25:42 +0000] "GET /documentations/swagger-ui-init.js HTTP/1.1" 200 5955
::1 - - [02/Aug/2023:14:25:42 +0000] "GET /documentations/swagger-ui-standalone-preset.js HTTP/1.1" 304 -
::1 - - [02/Aug/2023:14:25:43 +0000] "GET /documentations/favicon-32x32.png HTTP/1.1" 304 -
::1 - - [02/Aug/2023:14:26:03 +0000] "GET /documentations/ HTTP/1.1" 304 -
::1 - - [02/Aug/2023:14:26:04 +0000] "GET /documentations/swagger-ui.css HTTP/1.1" 304 -
::1 - - [02/Aug/2023:14:26:04 +0000] "GET /documentations/swagger-ui-bundle.js HTTP/1.1" 304 -
::1 - - [02/Aug/2023:14:26:04 +0000] "GET /documentations/swagger-ui-standalone-preset.js HTTP/1.1" 304 -
::1 - - [02/Aug/2023:14:26:04 +0000] "GET /documentations/swagger-ui-init.js HTTP/1.1" 200 6454
::1 - - [02/Aug/2023:14:26:04 +0000] "GET /documentations/swagger-ui-standalone-preset.js HTTP/1.1" 304 -
::1 - - [02/Aug/2023:14:26:04 +0000] "GET /documentations/swagger-ui-init.js HTTP/1.1" 200 6454
::1 - - [02/Aug/2023:14:26:04 +0000] "GET /documentations/swagger-ui-bundle.js HTTP/1.1" 304 -
::1 - - [02/Aug/2023:14:26:04 +0000] "GET /documentations/favicon-32x32.png HTTP/1.1" 304 -
::1 - - [02/Aug/2023:14:27:41 +0000] "GET /documentations/ HTTP/1.1" 304 -
::1 - - [02/Aug/2023:14:27:41 +0000] "GET /documentations/swagger-ui.css HTTP/1.1" 304 -
::1 - - [02/Aug/2023:14:27:41 +0000] "GET /documentations/swagger-ui-bundle.js HTTP/1.1" 304 -
::1 - - [02/Aug/2023:14:27:41 +0000] "GET /documentations/swagger-ui-init.js HTTP/1.1" 200 7721
::1 - - [02/Aug/2023:14:27:41 +0000] "GET /documentations/swagger-ui-standalone-preset.js HTTP/1.1" 304 -
::1 - - [02/Aug/2023:14:27:42 +0000] "GET /documentations/favicon-32x32.png HTTP/1.1" 304 -
::1 - - [02/Aug/2023:14:27:56 +0000] "GET /api/users HTTP/1.1" 401 83
::1 - - [02/Aug/2023:14:28:02 +0000] "GET /api/users HTTP/1.1" 401 83
::1 - - [02/Aug/2023:14:28:15 +0000] "GET /api/users HTTP/1.1" 500 1387
::1 - - [02/Aug/2023:14:28:25 +0000] "GET /api/users HTTP/1.1" 401 83
::1 - - [02/Aug/2023:14:29:35 +0000] "POST /api/auth/login HTTP/1.1" 400 85
::1 - - [02/Aug/2023:14:29:42 +0000] "POST /api/auth/login HTTP/1.1" 401 84
::1 - - [02/Aug/2023:14:31:14 +0000] "GET /documentations/ HTTP/1.1" 304 -
::1 - - [02/Aug/2023:14:31:15 +0000] "GET /documentations/swagger-ui.css HTTP/1.1" 304 -
::ffff:127.0.0.1 - - [02/Aug/2023:14:31:15 +0000] "GET /documentations/swagger-ui-bundle.js HTTP/1.1" 304 -
::1 - - [02/Aug/2023:14:31:15 +0000] "GET /documentations/swagger-ui-init.js HTTP/1.1" 200 9242
::ffff:127.0.0.1 - - [02/Aug/2023:14:31:15 +0000] "GET /documentations/swagger-ui-standalone-preset.js HTTP/1.1" 304 -
::1 - - [02/Aug/2023:14:31:15 +0000] "GET /documentations/swagger-ui-init.js HTTP/1.1" 200 9242
::1 - - [02/Aug/2023:14:31:15 +0000] "GET /documentations/swagger-ui-standalone-preset.js HTTP/1.1" 304 -
::1 - - [02/Aug/2023:14:31:15 +0000] "GET /documentations/swagger-ui-bundle.js HTTP/1.1" 304 -
::1 - - [02/Aug/2023:14:31:15 +0000] "GET /documentations/favicon-32x32.png HTTP/1.1" 304 -
::1 - - [02/Aug/2023:14:32:44 +0000] "GET /documentations/ HTTP/1.1" 304 -
::1 - - [02/Aug/2023:14:32:44 +0000] "GET /documentations/swagger-ui.css HTTP/1.1" 304 -
::1 - - [02/Aug/2023:14:32:44 +0000] "GET /documentations/swagger-ui-bundle.js HTTP/1.1" 304 -
::1 - - [02/Aug/2023:14:32:44 +0000] "GET /documentations/swagger-ui-init.js HTTP/1.1" 200 9341
::1 - - [02/Aug/2023:14:32:44 +0000] "GET /documentations/swagger-ui-standalone-preset.js HTTP/1.1" 304 -
::1 - - [02/Aug/2023:14:32:44 +0000] "GET /documentations/swagger-ui-init.js HTTP/1.1" 200 9341
::1 - - [02/Aug/2023:14:32:44 +0000] "GET /documentations/swagger-ui-standalone-preset.js HTTP/1.1" 304 -
::1 - - [02/Aug/2023:14:32:44 +0000] "GET /documentations/swagger-ui-bundle.js HTTP/1.1" 304 -
::1 - - [02/Aug/2023:14:32:45 +0000] "GET /documentations/favicon-32x32.png HTTP/1.1" 304 -
::1 - - [02/Aug/2023:14:33:18 +0000] "GET /api/users HTTP/1.1" 401 83
::1 - - [02/Aug/2023:14:35:06 +0000] "GET /documentations/ HTTP/1.1" 304 -
::1 - - [02/Aug/2023:14:35:06 +0000] "GET /documentations/swagger-ui.css HTTP/1.1" 304 -
::1 - - [02/Aug/2023:14:35:06 +0000] "GET /documentations/swagger-ui-bundle.js HTTP/1.1" 304 -
::1 - - [02/Aug/2023:14:35:06 +0000] "GET /documentations/swagger-ui-standalone-preset.js HTTP/1.1" 304 -
::1 - - [02/Aug/2023:14:35:06 +0000] "GET /documentations/swagger-ui-init.js HTTP/1.1" 200 9476
::1 - - [02/Aug/2023:14:35:06 +0000] "GET /documentations/swagger-ui-standalone-preset.js HTTP/1.1" 304 -
::1 - - [02/Aug/2023:14:35:06 +0000] "GET /documentations/swagger-ui-init.js HTTP/1.1" 200 9476
::1 - - [02/Aug/2023:14:35:06 +0000] "GET /documentations/swagger-ui-bundle.js HTTP/1.1" 304 -
::1 - - [02/Aug/2023:14:35:07 +0000] "GET /documentations/favicon-32x32.png HTTP/1.1" 304 -
::1 - - [02/Aug/2023:14:35:37 +0000] "GET /documentations/ HTTP/1.1" 304 -
::1 - - [02/Aug/2023:14:35:38 +0000] "GET /documentations/swagger-ui.css HTTP/1.1" 304 -
::1 - - [02/Aug/2023:14:35:38 +0000] "GET /documentations/swagger-ui-bundle.js HTTP/1.1" 304 -
::1 - - [02/Aug/2023:14:35:38 +0000] "GET /documentations/swagger-ui-standalone-preset.js HTTP/1.1" 304 -
::1 - - [02/Aug/2023:14:35:38 +0000] "GET /documentations/swagger-ui-init.js HTTP/1.1" 200 9428
::1 - - [02/Aug/2023:14:35:38 +0000] "GET /documentations/swagger-ui-standalone-preset.js HTTP/1.1" 304 -
::1 - - [02/Aug/2023:14:35:38 +0000] "GET /documentations/swagger-ui-init.js HTTP/1.1" 200 9428
::1 - - [02/Aug/2023:14:35:38 +0000] "GET /documentations/swagger-ui-bundle.js HTTP/1.1" 304 -
::1 - - [02/Aug/2023:14:35:38 +0000] "GET /documentations/favicon-32x32.png HTTP/1.1" 304 -
::1 - - [02/Aug/2023:14:35:40 +0000] "GET /documentations/ HTTP/1.1" 304 -
::1 - - [02/Aug/2023:14:35:40 +0000] "GET /documentations/swagger-ui.css HTTP/1.1" 304 -
::1 - - [02/Aug/2023:14:35:40 +0000] "GET /documentations/swagger-ui-bundle.js HTTP/1.1" 304 -
::1 - - [02/Aug/2023:14:35:40 +0000] "GET /documentations/swagger-ui-standalone-preset.js HTTP/1.1" 304 -
::1 - - [02/Aug/2023:14:35:40 +0000] "GET /documentations/swagger-ui-init.js HTTP/1.1" 304 -
::1 - - [02/Aug/2023:14:35:40 +0000] "GET /documentations/swagger-ui-init.js HTTP/1.1" 304 -
::1 - - [02/Aug/2023:14:35:40 +0000] "GET /documentations/swagger-ui-standalone-preset.js HTTP/1.1" 304 -
::1 - - [02/Aug/2023:14:35:40 +0000] "GET /documentations/swagger-ui-bundle.js HTTP/1.1" 304 -
::1 - - [02/Aug/2023:14:35:41 +0000] "GET /documentations/favicon-32x32.png HTTP/1.1" 304 -
::1 - - [02/Aug/2023:14:37:01 +0000] "GET /documentations/ HTTP/1.1" 304 -
::1 - - [02/Aug/2023:14:37:01 +0000] "GET /documentations/swagger-ui-init.js HTTP/1.1" 200 9421
::1 - - [02/Aug/2023:14:37:01 +0000] "GET /documentations/swagger-ui.css HTTP/1.1" 304 -
::1 - - [02/Aug/2023:14:37:01 +0000] "GET /documentations/swagger-ui-bundle.js HTTP/1.1" 304 -
::1 - - [02/Aug/2023:14:37:01 +0000] "GET /documentations/swagger-ui-standalone-preset.js HTTP/1.1" 304 -
::1 - - [02/Aug/2023:14:37:02 +0000] "GET /documentations/favicon-32x32.png HTTP/1.1" 304 -
::1 - - [02/Aug/2023:14:44:08 +0000] "GET /documentations/ HTTP/1.1" 304 -
::1 - - [02/Aug/2023:14:44:08 +0000] "GET /documentations/swagger-ui.css HTTP/1.1" 304 -
::ffff:127.0.0.1 - - [02/Aug/2023:14:44:08 +0000] "GET /documentations/swagger-ui-bundle.js HTTP/1.1" 304 -
::1 - - [02/Aug/2023:14:44:08 +0000] "GET /documentations/swagger-ui-init.js HTTP/1.1" 200 9386
::ffff:127.0.0.1 - - [02/Aug/2023:14:44:08 +0000] "GET /documentations/swagger-ui-standalone-preset.js HTTP/1.1" 304 -
::1 - - [02/Aug/2023:14:44:08 +0000] "GET /documentations/swagger-ui-init.js HTTP/1.1" 200 9386
::1 - - [02/Aug/2023:14:44:08 +0000] "GET /documentations/swagger-ui-standalone-preset.js HTTP/1.1" 304 -
::1 - - [02/Aug/2023:14:44:08 +0000] "GET /documentations/swagger-ui-bundle.js HTTP/1.1" 304 -
::1 - - [02/Aug/2023:14:44:09 +0000] "GET /documentations/favicon-32x32.png HTTP/1.1" 304 -
::1 - - [02/Aug/2023:14:48:53 +0000] "GET /documentations/ HTTP/1.1" 304 -
::1 - - [02/Aug/2023:14:48:53 +0000] "GET /documentations/swagger-ui.css HTTP/1.1" 304 -
::1 - - [02/Aug/2023:14:48:53 +0000] "GET /documentations/swagger-ui-bundle.js HTTP/1.1" 304 -
::1 - - [02/Aug/2023:14:48:53 +0000] "GET /documentations/swagger-ui-init.js HTTP/1.1" 200 9482
::1 - - [02/Aug/2023:14:48:53 +0000] "GET /documentations/swagger-ui-standalone-preset.js HTTP/1.1" 304 -
::1 - - [02/Aug/2023:14:48:54 +0000] "GET /documentations/favicon-32x32.png HTTP/1.1" 304 -
::1 - - [02/Aug/2023:14:48:58 +0000] "GET /documentations/ HTTP/1.1" 304 -
::1 - - [02/Aug/2023:14:48:58 +0000] "GET /documentations/swagger-ui.css HTTP/1.1" 304 -
::1 - - [02/Aug/2023:14:48:58 +0000] "GET /documentations/swagger-ui-bundle.js HTTP/1.1" 304 -
::1 - - [02/Aug/2023:14:48:58 +0000] "GET /documentations/swagger-ui-standalone-preset.js HTTP/1.1" 304 -
::1 - - [02/Aug/2023:14:48:58 +0000] "GET /documentations/swagger-ui-init.js HTTP/1.1" 304 -
::1 - - [02/Aug/2023:14:48:58 +0000] "GET /documentations/swagger-ui-bundle.js HTTP/1.1" 304 -
::1 - - [02/Aug/2023:14:48:58 +0000] "GET /documentations/swagger-ui-init.js HTTP/1.1" 200 9482
::1 - - [02/Aug/2023:14:48:58 +0000] "GET /documentations/swagger-ui-standalone-preset.js HTTP/1.1" 304 -
::1 - - [02/Aug/2023:14:48:59 +0000] "GET /documentations/favicon-32x32.png HTTP/1.1" 304 -
::1 - - [02/Aug/2023:14:49:23 +0000] "GET /documentations/ HTTP/1.1" 304 -
::1 - - [02/Aug/2023:14:49:23 +0000] "GET /documentations/swagger-ui.css HTTP/1.1" 304 -
::1 - - [02/Aug/2023:14:49:23 +0000] "GET /documentations/swagger-ui-bundle.js HTTP/1.1" 304 -
::1 - - [02/Aug/2023:14:49:23 +0000] "GET /documentations/swagger-ui-standalone-preset.js HTTP/1.1" 304 -
::1 - - [02/Aug/2023:14:49:23 +0000] "GET /documentations/swagger-ui-init.js HTTP/1.1" 200 9522
::1 - - [02/Aug/2023:14:49:23 +0000] "GET /documentations/swagger-ui-bundle.js HTTP/1.1" 304 -
::1 - - [02/Aug/2023:14:49:23 +0000] "GET /documentations/swagger-ui-standalone-preset.js HTTP/1.1" 304 -
::1 - - [02/Aug/2023:14:49:23 +0000] "GET /documentations/swagger-ui-init.js HTTP/1.1" 200 9522
::1 - - [02/Aug/2023:14:49:24 +0000] "GET /documentations/favicon-32x32.png HTTP/1.1" 304 -
::1 - - [02/Aug/2023:16:01:24 +0000] "GET /documentations/ HTTP/1.1" 304 -
::1 - - [02/Aug/2023:16:01:25 +0000] "GET /documentations/swagger-ui.css HTTP/1.1" 304 -
::1 - - [02/Aug/2023:16:01:25 +0000] "GET /documentations/swagger-ui-init.js HTTP/1.1" 304 -
::1 - - [02/Aug/2023:16:01:25 +0000] "GET /documentations/swagger-ui-bundle.js HTTP/1.1" 304 -
::1 - - [02/Aug/2023:16:01:25 +0000] "GET /documentations/swagger-ui-standalone-preset.js HTTP/1.1" 304 -
::1 - - [02/Aug/2023:16:01:25 +0000] "GET /documentations/swagger-ui-init.js HTTP/1.1" 304 -
::1 - - [02/Aug/2023:16:01:25 +0000] "GET /documentations/swagger-ui-standalone-preset.js HTTP/1.1" 304 -
::1 - - [02/Aug/2023:16:01:25 +0000] "GET /documentations/swagger-ui-bundle.js HTTP/1.1" 304 -
::1 - - [02/Aug/2023:16:01:46 +0000] "POST /api/auth/login HTTP/1.1" 200 251
::1 - - [02/Aug/2023:16:02:00 +0000] "GET /api/movies HTTP/1.1" 401 83
::1 - - [02/Aug/2023:16:02:16 +0000] "GET /api/movies HTTP/1.1" 200 1036
